# JRE version: Java(TM) SE Runtime Environment (8.0_60-b27) (build 1.8.0_60-b27)
# Java VM: Java HotSpot(TM) 64-Bit Server VM (25.60-b23 mixed mode linux-amd64 compressed oops)
Heap:
 PSYoungGen      total 2446848K, used 327100K [0x0000000715580000, 0x00000007c0000000, 0x00000007c0000000)
  eden space 2097664K, 15% used [0x0000000715580000,0x00000007294ef358,0x0000000795600000)
  from space 349184K, 0% used [0x00000007aab00000,0x00000007aab00000,0x00000007c0000000)
  to   space 349184K, 0% used [0x0000000795600000,0x0000000795600000,0x00000007aab00000)
 ParOldGen       total 5592576K, used 96496K [0x00000005c0000000, 0x0000000715580000, 0x0000000715580000)
  object space 5592576K, 1% used [0x00000005c0000000,0x00000005c5e3c130,0x0000000715580000)
 Metaspace       used 54577K, capacity 54948K, committed 55552K, reserved 1097728K
  class space    used 7482K, capacity 7582K, committed 7680K, reserved 1048576K
GC Heap History (10 events):
Event: 3.283 GC heap before
{Heap before GC invocations=4 (full 2):
 PSYoungGen      total 2446848K, used 16960K [0x0000000715580000, 0x00000007c0000000, 0x00000007c0000000)
  eden space 2097664K, 0% used [0x0000000715580000,0x0000000715580000,0x0000000795600000)
  from space 349184K, 4% used [0x00000007aab00000,0x00000007abb90000,0x00000007c0000000)
  to   space 349184K, 0% used [0x0000000795600000,0x0000000795600000,0x00000007aab00000)
 ParOldGen       total 5592576K, used 14634K [0x00000005c0000000, 0x0000000715580000, 0x0000000715580000)
  object space 5592576K, 0% used [0x00000005c0000000,0x00000005c0e4aa78,0x0000000715580000)
 Metaspace       used 34860K, capacity 35164K, committed 35416K, reserved 1079296K
  class space    used 5193K, capacity 5308K, committed 5376K, reserved 1048576K
Event: 3.352 GC heap after
Heap after GC invocations=4 (full 2):
 PSYoungGen      total 2446848K, used 0K [0x0000000715580000, 0x00000007c0000000, 0x00000007c0000000)
  eden space 2097664K, 0% used [0x0000000715580000,0x0000000715580000,0x0000000795600000)
  from space 349184K, 0% used [0x00000007aab00000,0x00000007aab00000,0x00000007c0000000)
  to   space 349184K, 0% used [0x0000000795600000,0x0000000795600000,0x00000007aab00000)
 ParOldGen       total 5592576K, used 20760K [0x00000005c0000000, 0x0000000715580000, 0x0000000715580000)
  object space 5592576K, 0% used [0x00000005c0000000,0x00000005c14460e0,0x0000000715580000)
 Metaspace       used 34860K, capacity 35164K, committed 35416K, reserved 1079296K
  class space    used 5193K, capacity 5308K, committed 5376K, reserved 1048576K
}
Event: 1810.290 GC heap before
{Heap before GC invocations=5 (full 2):
 PSYoungGen      total 2446848K, used 1309155K [0x0000000715580000, 0x00000007c0000000, 0x00000007c0000000)
  eden space 2097664K, 62% used [0x0000000715580000,0x00000007653f8f68,0x0000000795600000)
  from space 349184K, 0% used [0x00000007aab00000,0x00000007aab00000,0x00000007c0000000)
  to   space 349184K, 0% used [0x0000000795600000,0x0000000795600000,0x00000007aab00000)
 ParOldGen       total 5592576K, used 20760K [0x00000005c0000000, 0x0000000715580000, 0x0000000715580000)
  object space 5592576K, 0% used [0x00000005c0000000,0x00000005c14460e0,0x0000000715580000)
 Metaspace       used 54343K, capacity 54756K, committed 55296K, reserved 1097728K
  class space    used 7480K, capacity 7582K, committed 7680K, reserved 1048576K
Event: 1810.327 GC heap after
Heap after GC invocations=5 (full 2):
 PSYoungGen      total 2446848K, used 105418K [0x0000000715580000, 0x00000007c0000000, 0x00000007c0000000)
  eden space 2097664K, 0% used [0x0000000715580000,0x0000000715580000,0x0000000795600000)
  from space 349184K, 30% used [0x0000000795600000,0x000000079bcf29c8,0x00000007aab00000)
  to   space 349184K, 0% used [0x00000007aab00000,0x00000007aab00000,0x00000007c0000000)
 ParOldGen       total 5592576K, used 20776K [0x00000005c0000000, 0x0000000715580000, 0x0000000715580000)
  object space 5592576K, 0% used [0x00000005c0000000,0x00000005c144a0f0,0x0000000715580000)
 Metaspace       used 54343K, capacity 54756K, committed 55296K, reserved 1097728K
  class space    used 7480K, capacity 7582K, committed 7680K, reserved 1048576K
}
Event: 1810.327 GC heap before
{Heap before GC invocations=6 (full 3):
 PSYoungGen      total 2446848K, used 105418K [0x0000000715580000, 0x00000007c0000000, 0x00000007c0000000)
  eden space 2097664K, 0% used [0x0000000715580000,0x0000000715580000,0x0000000795600000)
  from space 349184K, 30% used [0x0000000795600000,0x000000079bcf29c8,0x00000007aab00000)
  to   space 349184K, 0% used [0x00000007aab00000,0x00000007aab00000,0x00000007c0000000)
 ParOldGen       total 5592576K, used 20776K [0x00000005c0000000, 0x0000000715580000, 0x0000000715580000)
  object space 5592576K, 0% used [0x00000005c0000000,0x00000005c144a0f0,0x0000000715580000)
 Metaspace       used 54343K, capacity 54756K, committed 55296K, reserved 1097728K
  class space    used 7480K, capacity 7582K, committed 7680K, reserved 1048576K
Event: 1810.464 GC heap after
Heap after GC invocations=6 (full 3):
 PSYoungGen      total 2446848K, used 0K [0x0000000715580000, 0x00000007c0000000, 0x00000007c0000000)
  eden space 2097664K, 0% used [0x0000000715580000,0x0000000715580000,0x0000000795600000)
  from space 349184K, 0% used [0x0000000795600000,0x0000000795600000,0x00000007aab00000)
  to   space 349184K, 0% used [0x00000007aab00000,0x00000007aab00000,0x00000007c0000000)
 ParOldGen       total 5592576K, used 111875K [0x00000005c0000000, 0x0000000715580000, 0x0000000715580000)
  object space 5592576K, 2% used [0x00000005c0000000,0x00000005c6d40eb0,0x0000000715580000)
 Metaspace       used 54343K, capacity 54756K, committed 55296K, reserved 1097728K
  class space    used 7480K, capacity 7582K, committed 7680K, reserved 1048576K
}
Event: 3610.289 GC heap before
{Heap before GC invocations=7 (full 3):
 PSYoungGen      total 2446848K, used 453846K [0x0000000715580000, 0x00000007c0000000, 0x00000007c0000000)
  eden space 2097664K, 21% used [0x0000000715580000,0x00000007310b5be8,0x0000000795600000)
  from space 349184K, 0% used [0x0000000795600000,0x0000000795600000,0x00000007aab00000)
  to   space 349184K, 0% used [0x00000007aab00000,0x00000007aab00000,0x00000007c0000000)
 ParOldGen       total 5592576K, used 111875K [0x00000005c0000000, 0x0000000715580000, 0x0000000715580000)
  object space 5592576K, 2% used [0x00000005c0000000,0x00000005c6d40eb0,0x0000000715580000)
 Metaspace       used 54561K, capacity 54884K, committed 55296K, reserved 1097728K
  class space    used 7482K, capacity 7582K, committed 7680K, reserved 1048576K
Event: 3610.292 GC heap after
Heap after GC invocations=7 (full 3):
 PSYoungGen      total 2446848K, used 256K [0x0000000715580000, 0x00000007c0000000, 0x00000007c0000000)
  eden space 2097664K, 0% used [0x0000000715580000,0x0000000715580000,0x0000000795600000)
  from space 349184K, 0% used [0x00000007aab00000,0x00000007aab40000,0x00000007c0000000)
  to   space 349184K, 0% used [0x0000000795600000,0x0000000795600000,0x00000007aab00000)
 ParOldGen       total 5592576K, used 111883K [0x00000005c0000000, 0x0000000715580000, 0x0000000715580000)
  object space 5592576K, 2% used [0x00000005c0000000,0x00000005c6d42eb0,0x0000000715580000)
 Metaspace       used 54561K, capacity 54884K, committed 55296K, reserved 1097728K
  class space    used 7482K, capacity 7582K, committed 7680K, reserved 1048576K
}
Event: 3610.292 GC heap before
{Heap before GC invocations=8 (full 4):
 PSYoungGen      total 2446848K, used 256K [0x0000000715580000, 0x00000007c0000000, 0x00000007c0000000)
  eden space 2097664K, 0% used [0x0000000715580000,0x0000000715580000,0x0000000795600000)
  from space 349184K, 0% used [0x00000007aab00000,0x00000007aab40000,0x00000007c0000000)
  to   space 349184K, 0% used [0x0000000795600000,0x0000000795600000,0x00000007aab00000)
 ParOldGen       total 5592576K, used 111883K [0x00000005c0000000, 0x0000000715580000, 0x0000000715580000)
  object space 5592576K, 2% used [0x00000005c0000000,0x00000005c6d42eb0,0x0000000715580000)
 Metaspace       used 54561K, capacity 54884K, committed 55296K, reserved 1097728K
  class space    used 7482K, capacity 7582K, committed 7680K, reserved 1048576K
Event: 3610.379 GC heap after
Heap after GC invocations=8 (full 4):
 PSYoungGen      total 2446848K, used 0K [0x0000000715580000, 0x00000007c0000000, 0x00000007c0000000)
  eden space 2097664K, 0% used [0x0000000715580000,0x0000000715580000,0x0000000795600000)
  from space 349184K, 0% used [0x00000007aab00000,0x00000007aab00000,0x00000007c0000000)
  to   space 349184K, 0% used [0x0000000795600000,0x0000000795600000,0x00000007aab00000)
 ParOldGen       total 5592576K, used 96496K [0x00000005c0000000, 0x0000000715580000, 0x0000000715580000)
  object space 5592576K, 1% used [0x00000005c0000000,0x00000005c5e3c130,0x0000000715580000)
 Metaspace       used 54561K, capacity 54884K, committed 55296K, reserved 1097728K
  class space    used 7482K, capacity 7582K, committed 7680K, reserved 1048576K
}

