# JRE version: Java(TM) SE Runtime Environment (8.0_60-b27) (build 1.8.0_60-b27)
# Java VM: Java HotSpot(TM) 64-Bit Server VM (25.60-b23 mixed mode linux-amd64 compressed oops)
Heap:
 PSYoungGen      total 2446848K, used 461591K [0x0000000715580000, 0x00000007c0000000, 0x00000007c0000000)
  eden space 2097664K, 22% used [0x0000000715580000,0x0000000731845c70,0x0000000795600000)
  from space 349184K, 0% used [0x0000000795600000,0x0000000795600000,0x00000007aab00000)
  to   space 349184K, 0% used [0x00000007aab00000,0x00000007aab00000,0x00000007c0000000)
 ParOldGen       total 5592576K, used 117948K [0x00000005c0000000, 0x0000000715580000, 0x0000000715580000)
  object space 5592576K, 2% used [0x00000005c0000000,0x00000005c732f1d8,0x0000000715580000)
 Metaspace       used 60618K, capacity 61204K, committed 61568K, reserved 1101824K
  class space    used 8911K, capacity 9063K, committed 9088K, reserved 1048576K
GC Heap History (10 events):
Event: 1.957 GC heap before
{Heap before GC invocations=2 (full 1):
 PSYoungGen      total 2446848K, used 15419K [0x0000000715580000, 0x00000007c0000000, 0x00000007c0000000)
  eden space 2097664K, 0% used [0x0000000715580000,0x0000000715580000,0x0000000795600000)
  from space 349184K, 4% used [0x0000000795600000,0x000000079650ef40,0x00000007aab00000)
  to   space 349184K, 0% used [0x00000007aab00000,0x00000007aab00000,0x00000007c0000000)
 ParOldGen       total 5592576K, used 96K [0x00000005c0000000, 0x0000000715580000, 0x0000000715580000)
  object space 5592576K, 0% used [0x00000005c0000000,0x00000005c0018028,0x0000000715580000)
 Metaspace       used 20862K, capacity 21074K, committed 21248K, reserved 1067008K
  class space    used 2955K, capacity 3029K, committed 3072K, reserved 1048576K
Event: 1.982 GC heap after
Heap after GC invocations=2 (full 1):
 PSYoungGen      total 2446848K, used 0K [0x0000000715580000, 0x00000007c0000000, 0x00000007c0000000)
  eden space 2097664K, 0% used [0x0000000715580000,0x0000000715580000,0x0000000795600000)
  from space 349184K, 0% used [0x0000000795600000,0x0000000795600000,0x00000007aab00000)
  to   space 349184K, 0% used [0x00000007aab00000,0x00000007aab00000,0x00000007c0000000)
 ParOldGen       total 5592576K, used 14718K [0x00000005c0000000, 0x0000000715580000, 0x0000000715580000)
  object space 5592576K, 0% used [0x00000005c0000000,0x00000005c0e5f908,0x0000000715580000)
 Metaspace       used 20862K, capacity 21074K, committed 21248K, reserved 1067008K
  class space    used 2955K, capacity 3029K, committed 3072K, reserved 1048576K
}
Event: 4.137 GC heap before
{Heap before GC invocations=3 (full 1):
 PSYoungGen      total 2446848K, used 535105K [0x0000000715580000, 0x00000007c0000000, 0x00000007c0000000)
  eden space 2097664K, 25% used [0x0000000715580000,0x0000000736010788,0x0000000795600000)
  from space 349184K, 0% used [0x0000000795600000,0x0000000795600000,0x00000007aab00000)
  to   space 349184K, 0% used [0x00000007aab00000,0x00000007aab00000,0x00000007c0000000)
 ParOldGen       total 5592576K, used 14718K [0x00000005c0000000, 0x0000000715580000, 0x0000000715580000)
  object space 5592576K, 0% used [0x00000005c0000000,0x00000005c0e5f908,0x0000000715580000)
 Metaspace       used 34922K, capacity 35164K, committed 35416K, reserved 1079296K
  class space    used 5206K, capacity 5308K, committed 5376K, reserved 1048576K
Event: 4.148 GC heap after
Heap after GC invocations=3 (full 1):
 PSYoungGen      total 2446848K, used 16905K [0x0000000715580000, 0x00000007c0000000, 0x00000007c0000000)
  eden space 2097664K, 0% used [0x0000000715580000,0x0000000715580000,0x0000000795600000)
  from space 349184K, 4% used [0x00000007aab00000,0x00000007abb82758,0x00000007c0000000)
  to   space 349184K, 0% used [0x0000000795600000,0x0000000795600000,0x00000007aab00000)
 ParOldGen       total 5592576K, used 14726K [0x00000005c0000000, 0x0000000715580000, 0x0000000715580000)
  object space 5592576K, 0% used [0x00000005c0000000,0x00000005c0e61908,0x0000000715580000)
 Metaspace       used 34922K, capacity 35164K, committed 35416K, reserved 1079296K
  class space    used 5206K, capacity 5308K, committed 5376K, reserved 1048576K
}
Event: 4.148 GC heap before
{Heap before GC invocations=4 (full 2):
 PSYoungGen      total 2446848K, used 16905K [0x0000000715580000, 0x00000007c0000000, 0x00000007c0000000)
  eden space 2097664K, 0% used [0x0000000715580000,0x0000000715580000,0x0000000795600000)
  from space 349184K, 4% used [0x00000007aab00000,0x00000007abb82758,0x00000007c0000000)
  to   space 349184K, 0% used [0x0000000795600000,0x0000000795600000,0x00000007aab00000)
 ParOldGen       total 5592576K, used 14726K [0x00000005c0000000, 0x0000000715580000, 0x0000000715580000)
  object space 5592576K, 0% used [0x00000005c0000000,0x00000005c0e61908,0x0000000715580000)
 Metaspace       used 34922K, capacity 35164K, committed 35416K, reserved 1079296K
  class space    used 5206K, capacity 5308K, committed 5376K, reserved 1048576K
Event: 4.199 GC heap after
Heap after GC invocations=4 (full 2):
 PSYoungGen      total 2446848K, used 0K [0x0000000715580000, 0x00000007c0000000, 0x00000007c0000000)
  eden space 2097664K, 0% used [0x0000000715580000,0x0000000715580000,0x0000000795600000)
  from space 349184K, 0% used [0x00000007aab00000,0x00000007aab00000,0x00000007c0000000)
  to   space 349184K, 0% used [0x0000000795600000,0x0000000795600000,0x00000007aab00000)
 ParOldGen       total 5592576K, used 20745K [0x00000005c0000000, 0x0000000715580000, 0x0000000715580000)
  object space 5592576K, 0% used [0x00000005c0000000,0x00000005c14425c0,0x0000000715580000)
 Metaspace       used 34922K, capacity 35164K, committed 35416K, reserved 1079296K
  class space    used 5206K, capacity 5308K, committed 5376K, reserved 1048576K
}
Event: 665.129 GC heap before
{Heap before GC invocations=5 (full 2):
 PSYoungGen      total 2446848K, used 1215712K [0x0000000715580000, 0x00000007c0000000, 0x00000007c0000000)
  eden space 2097664K, 57% used [0x0000000715580000,0x000000075f8b8250,0x0000000795600000)
  from space 349184K, 0% used [0x00000007aab00000,0x00000007aab00000,0x00000007c0000000)
  to   space 349184K, 0% used [0x0000000795600000,0x0000000795600000,0x00000007aab00000)
 ParOldGen       total 5592576K, used 20745K [0x00000005c0000000, 0x0000000715580000, 0x0000000715580000)
  object space 5592576K, 0% used [0x00000005c0000000,0x00000005c14425c0,0x0000000715580000)
 Metaspace       used 58347K, capacity 58752K, committed 59008K, reserved 1099776K
  class space    used 8445K, capacity 8568K, committed 8576K, reserved 1048576K
Event: 665.161 GC heap after
Heap after GC invocations=5 (full 2):
 PSYoungGen      total 2446848K, used 111611K [0x0000000715580000, 0x00000007c0000000, 0x00000007c0000000)
  eden space 2097664K, 0% used [0x0000000715580000,0x0000000715580000,0x0000000795600000)
  from space 349184K, 31% used [0x0000000795600000,0x000000079c2feef0,0x00000007aab00000)
  to   space 349184K, 0% used [0x00000007aab00000,0x00000007aab00000,0x00000007c0000000)
 ParOldGen       total 5592576K, used 20761K [0x00000005c0000000, 0x0000000715580000, 0x0000000715580000)
  object space 5592576K, 0% used [0x00000005c0000000,0x00000005c14465d0,0x0000000715580000)
 Metaspace       used 58347K, capacity 58752K, committed 59008K, reserved 1099776K
  class space    used 8445K, capacity 8568K, committed 8576K, reserved 1048576K
}
Event: 665.161 GC heap before
{Heap before GC invocations=6 (full 3):
 PSYoungGen      total 2446848K, used 111611K [0x0000000715580000, 0x00000007c0000000, 0x00000007c0000000)
  eden space 2097664K, 0% used [0x0000000715580000,0x0000000715580000,0x0000000795600000)
  from space 349184K, 31% used [0x0000000795600000,0x000000079c2feef0,0x00000007aab00000)
  to   space 349184K, 0% used [0x00000007aab00000,0x00000007aab00000,0x00000007c0000000)
 ParOldGen       total 5592576K, used 20761K [0x00000005c0000000, 0x0000000715580000, 0x0000000715580000)
  object space 5592576K, 0% used [0x00000005c0000000,0x00000005c14465d0,0x0000000715580000)
 Metaspace       used 58347K, capacity 58752K, committed 59008K, reserved 1099776K
  class space    used 8445K, capacity 8568K, committed 8576K, reserved 1048576K
Event: 665.277 GC heap after
Heap after GC invocations=6 (full 3):
 PSYoungGen      total 2446848K, used 0K [0x0000000715580000, 0x00000007c0000000, 0x00000007c0000000)
  eden space 2097664K, 0% used [0x0000000715580000,0x0000000715580000,0x0000000795600000)
  from space 349184K, 0% used [0x0000000795600000,0x0000000795600000,0x00000007aab00000)
  to   space 349184K, 0% used [0x00000007aab00000,0x00000007aab00000,0x00000007c0000000)
 ParOldGen       total 5592576K, used 117948K [0x00000005c0000000, 0x0000000715580000, 0x0000000715580000)
  object space 5592576K, 2% used [0x00000005c0000000,0x00000005c732f1d8,0x0000000715580000)
 Metaspace       used 58343K, capacity 58746K, committed 59008K, reserved 1099776K
  class space    used 8444K, capacity 8567K, committed 8576K, reserved 1048576K
}

