# JRE version: Java(TM) SE Runtime Environment (8.0_60-b27) (build 1.8.0_60-b27)
# Java VM: Java HotSpot(TM) 64-Bit Server VM (25.60-b23 mixed mode linux-amd64 compressed oops)
Heap:
 PSYoungGen      total 2446848K, used 362938K [0x0000000715580000, 0x00000007c0000000, 0x00000007c0000000)
  eden space 2097664K, 17% used [0x0000000715580000,0x000000072b7ee8c0,0x0000000795600000)
  from space 349184K, 0% used [0x0000000795600000,0x0000000795600000,0x00000007aab00000)
  to   space 349184K, 0% used [0x00000007aab00000,0x00000007aab00000,0x00000007c0000000)
 ParOldGen       total 5592576K, used 111928K [0x00000005c0000000, 0x0000000715580000, 0x0000000715580000)
  object space 5592576K, 2% used [0x00000005c0000000,0x00000005c6d4e108,0x0000000715580000)
 Metaspace       used 54535K, capacity 54916K, committed 55296K, reserved 1097728K
  class space    used 7492K, capacity 7614K, committed 7680K, reserved 1048576K
GC Heap History (10 events):
Event: 1.457 GC heap before
{Heap before GC invocations=2 (full 1):
 PSYoungGen      total 2446848K, used 15342K [0x0000000715580000, 0x00000007c0000000, 0x00000007c0000000)
  eden space 2097664K, 0% used [0x0000000715580000,0x0000000715580000,0x0000000795600000)
  from space 349184K, 4% used [0x0000000795600000,0x00000007964fb990,0x00000007aab00000)
  to   space 349184K, 0% used [0x00000007aab00000,0x00000007aab00000,0x00000007c0000000)
 ParOldGen       total 5592576K, used 96K [0x00000005c0000000, 0x0000000715580000, 0x0000000715580000)
  object space 5592576K, 0% used [0x00000005c0000000,0x00000005c0018028,0x0000000715580000)
 Metaspace       used 20812K, capacity 21074K, committed 21248K, reserved 1067008K
  class space    used 2945K, capacity 3029K, committed 3072K, reserved 1048576K
Event: 1.482 GC heap after
Heap after GC invocations=2 (full 1):
 PSYoungGen      total 2446848K, used 0K [0x0000000715580000, 0x00000007c0000000, 0x00000007c0000000)
  eden space 2097664K, 0% used [0x0000000715580000,0x0000000715580000,0x0000000795600000)
  from space 349184K, 0% used [0x0000000795600000,0x0000000795600000,0x00000007aab00000)
  to   space 349184K, 0% used [0x00000007aab00000,0x00000007aab00000,0x00000007c0000000)
 ParOldGen       total 5592576K, used 14624K [0x00000005c0000000, 0x0000000715580000, 0x0000000715580000)
  object space 5592576K, 0% used [0x00000005c0000000,0x00000005c0e48310,0x0000000715580000)
 Metaspace       used 20812K, capacity 21074K, committed 21248K, reserved 1067008K
  class space    used 2945K, capacity 3029K, committed 3072K, reserved 1048576K
}
Event: 2.968 GC heap before
{Heap before GC invocations=3 (full 1):
 PSYoungGen      total 2446848K, used 556075K [0x0000000715580000, 0x00000007c0000000, 0x00000007c0000000)
  eden space 2097664K, 26% used [0x0000000715580000,0x000000073748af80,0x0000000795600000)
  from space 349184K, 0% used [0x0000000795600000,0x0000000795600000,0x00000007aab00000)
  to   space 349184K, 0% used [0x00000007aab00000,0x00000007aab00000,0x00000007c0000000)
 ParOldGen       total 5592576K, used 14624K [0x00000005c0000000, 0x0000000715580000, 0x0000000715580000)
  object space 5592576K, 0% used [0x00000005c0000000,0x00000005c0e48310,0x0000000715580000)
 Metaspace       used 34903K, capacity 35164K, committed 35416K, reserved 1079296K
  class space    used 5194K, capacity 5308K, committed 5376K, reserved 1048576K
Event: 2.980 GC heap after
Heap after GC invocations=3 (full 1):
 PSYoungGen      total 2446848K, used 16939K [0x0000000715580000, 0x00000007c0000000, 0x00000007c0000000)
  eden space 2097664K, 0% used [0x0000000715580000,0x0000000715580000,0x0000000795600000)
  from space 349184K, 4% used [0x00000007aab00000,0x00000007abb8ac00,0x00000007c0000000)
  to   space 349184K, 0% used [0x0000000795600000,0x0000000795600000,0x00000007aab00000)
 ParOldGen       total 5592576K, used 14632K [0x00000005c0000000, 0x0000000715580000, 0x0000000715580000)
  object space 5592576K, 0% used [0x00000005c0000000,0x00000005c0e4a310,0x0000000715580000)
 Metaspace       used 34903K, capacity 35164K, committed 35416K, reserved 1079296K
  class space    used 5194K, capacity 5308K, committed 5376K, reserved 1048576K
}
Event: 2.980 GC heap before
{Heap before GC invocations=4 (full 2):
 PSYoungGen      total 2446848K, used 16939K [0x0000000715580000, 0x00000007c0000000, 0x00000007c0000000)
  eden space 2097664K, 0% used [0x0000000715580000,0x0000000715580000,0x0000000795600000)
  from space 349184K, 4% used [0x00000007aab00000,0x00000007abb8ac00,0x00000007c0000000)
  to   space 349184K, 0% used [0x0000000795600000,0x0000000795600000,0x00000007aab00000)
 ParOldGen       total 5592576K, used 14632K [0x00000005c0000000, 0x0000000715580000, 0x0000000715580000)
  object space 5592576K, 0% used [0x00000005c0000000,0x00000005c0e4a310,0x0000000715580000)
 Metaspace       used 34903K, capacity 35164K, committed 35416K, reserved 1079296K
  class space    used 5194K, capacity 5308K, committed 5376K, reserved 1048576K
Event: 3.014 GC heap after
Heap after GC invocations=4 (full 2):
 PSYoungGen      total 2446848K, used 0K [0x0000000715580000, 0x00000007c0000000, 0x00000007c0000000)
  eden space 2097664K, 0% used [0x0000000715580000,0x0000000715580000,0x0000000795600000)
  from space 349184K, 0% used [0x00000007aab00000,0x00000007aab00000,0x00000007c0000000)
  to   space 349184K, 0% used [0x0000000795600000,0x0000000795600000,0x00000007aab00000)
 ParOldGen       total 5592576K, used 20755K [0x00000005c0000000, 0x0000000715580000, 0x0000000715580000)
  object space 5592576K, 0% used [0x00000005c0000000,0x00000005c1444e18,0x0000000715580000)
 Metaspace       used 34903K, capacity 35164K, committed 35416K, reserved 1079296K
  class space    used 5194K, capacity 5308K, committed 5376K, reserved 1048576K
}
Event: 1809.483 GC heap before
{Heap before GC invocations=5 (full 2):
 PSYoungGen      total 2446848K, used 1352978K [0x0000000715580000, 0x00000007c0000000, 0x00000007c0000000)
  eden space 2097664K, 64% used [0x0000000715580000,0x0000000767ec4940,0x0000000795600000)
  from space 349184K, 0% used [0x00000007aab00000,0x00000007aab00000,0x00000007c0000000)
  to   space 349184K, 0% used [0x0000000795600000,0x0000000795600000,0x00000007aab00000)
 ParOldGen       total 5592576K, used 20755K [0x00000005c0000000, 0x0000000715580000, 0x0000000715580000)
  object space 5592576K, 0% used [0x00000005c0000000,0x00000005c1444e18,0x0000000715580000)
 Metaspace       used 54380K, capacity 54756K, committed 55296K, reserved 1097728K
  class space    used 7490K, capacity 7582K, committed 7680K, reserved 1048576K
Event: 1809.571 GC heap after
Heap after GC invocations=5 (full 2):
 PSYoungGen      total 2446848K, used 105404K [0x0000000715580000, 0x00000007c0000000, 0x00000007c0000000)
  eden space 2097664K, 0% used [0x0000000715580000,0x0000000715580000,0x0000000795600000)
  from space 349184K, 30% used [0x0000000795600000,0x000000079bcef2d8,0x00000007aab00000)
  to   space 349184K, 0% used [0x00000007aab00000,0x00000007aab00000,0x00000007c0000000)
 ParOldGen       total 5592576K, used 20779K [0x00000005c0000000, 0x0000000715580000, 0x0000000715580000)
  object space 5592576K, 0% used [0x00000005c0000000,0x00000005c144ae28,0x0000000715580000)
 Metaspace       used 54380K, capacity 54756K, committed 55296K, reserved 1097728K
  class space    used 7490K, capacity 7582K, committed 7680K, reserved 1048576K
}
Event: 1809.571 GC heap before
{Heap before GC invocations=6 (full 3):
 PSYoungGen      total 2446848K, used 105404K [0x0000000715580000, 0x00000007c0000000, 0x00000007c0000000)
  eden space 2097664K, 0% used [0x0000000715580000,0x0000000715580000,0x0000000795600000)
  from space 349184K, 30% used [0x0000000795600000,0x000000079bcef2d8,0x00000007aab00000)
  to   space 349184K, 0% used [0x00000007aab00000,0x00000007aab00000,0x00000007c0000000)
 ParOldGen       total 5592576K, used 20779K [0x00000005c0000000, 0x0000000715580000, 0x0000000715580000)
  object space 5592576K, 0% used [0x00000005c0000000,0x00000005c144ae28,0x0000000715580000)
 Metaspace       used 54380K, capacity 54756K, committed 55296K, reserved 1097728K
  class space    used 7490K, capacity 7582K, committed 7680K, reserved 1048576K
Event: 1809.746 GC heap after
Heap after GC invocations=6 (full 3):
 PSYoungGen      total 2446848K, used 0K [0x0000000715580000, 0x00000007c0000000, 0x00000007c0000000)
  eden space 2097664K, 0% used [0x0000000715580000,0x0000000715580000,0x0000000795600000)
  from space 349184K, 0% used [0x0000000795600000,0x0000000795600000,0x00000007aab00000)
  to   space 349184K, 0% used [0x00000007aab00000,0x00000007aab00000,0x00000007c0000000)
 ParOldGen       total 5592576K, used 111928K [0x00000005c0000000, 0x0000000715580000, 0x0000000715580000)
  object space 5592576K, 2% used [0x00000005c0000000,0x00000005c6d4e108,0x0000000715580000)
 Metaspace       used 54380K, capacity 54756K, committed 55296K, reserved 1097728K
  class space    used 7490K, capacity 7582K, committed 7680K, reserved 1048576K
}

